<?xml version="1.0" encoding="UTF-8"?>
<!-- Generated by org.testng.reporters.JUnitReportReporter -->
<testsuite ignored="6" hostname="DESKTOP-BD9ARB1" failures="0" tests="1" name="com.aiite.pageexecution.OrderPageExecution" time="0.014" errors="0" timestamp="19 Mar 2023 02:28:53 GMT" skipped="0">
  <testcase classname="com.aiite.pageexecution.OrderPageExecution" name="testOne" time="0.014"/>
  <testcase classname="com.aiite.pageexecution.SummaryExecution" name="testOne">
    <skipped/>
  </testcase> <!-- testOne -->
  <testcase classname="com.aiite.pageexecution.LoginPageExecution" name="loginValidCredential">
    <skipped/>
  </testcase> <!-- loginValidCredential -->
  <testcase classname="com.aiite.pageexecution.HomePageExecution" name="mobileSearch">
    <skipped/>
  </testcase> <!-- mobileSearch -->
  <testcase classname="com.aiite.pageexecution.HomePageExecution" name="televisionSearch">
    <skipped/>
  </testcase> <!-- televisionSearch -->
  <testcase classname="com.aiite.pageexecution.OrderPageExecution" name="testThree">
    <skipped/>
  </testcase> <!-- testThree -->
  <testcase classname="com.aiite.pageexecution.OrderPageExecution" name="testTwo">
    <skipped/>
  </testcase> <!-- testTwo -->
</testsuite> <!-- com.aiite.pageexecution.OrderPageExecution -->
