<?xml version="1.0" encoding="UTF-8"?>
<!-- Generated by org.testng.reporters.JUnitReportReporter -->
<testsuite ignored="0" hostname="DESKTOP-BD9ARB1" failures="0" tests="2" name="com.aiite.pageexecution.ClassC" time="20.808" errors="0" timestamp="25 Mar 2023 03:17:56 GMT" skipped="0">
  <testcase classname="com.aiite.pageexecution.ClassC" name="testTwo" time="16.438"/>
  <testcase classname="com.aiite.pageexecution.ClassC" name="testOne" time="4.370"/>
</testsuite> <!-- com.aiite.pageexecution.ClassC -->
