<?xml version="1.0" encoding="UTF-8"?>
<!-- Generated by org.testng.reporters.JUnitReportReporter -->
<testsuite ignored="0" hostname="DESKTOP-BD9ARB1" failures="0" tests="1" name="com.aiite.pageexecution.ClassB" time="0.031" errors="0" timestamp="01 Apr 2023 02:13:23 GMT" skipped="0">
  <testcase classname="com.aiite.pageexecution.ClassB" name="testOne" time="0.031"/>
</testsuite> <!-- com.aiite.pageexecution.ClassB -->
