<?xml version="1.0" encoding="UTF-8"?>
<!-- Generated by org.testng.reporters.JUnitReportReporter -->
<testsuite ignored="8" hostname="DESKTOP-BD9ARB1" failures="0" tests="1" name="com.aiite.pageexecution.LoginPageExecution" time="0.025" errors="0" timestamp="19 Mar 2023 02:29:29 GMT" skipped="0">
  <testcase classname="com.aiite.pageexecution.LoginPageExecution" name="simpleOne" time="0.025"/>
  <testcase classname="com.aiite.pageexecution.HomePageExecution" name="laptopSearch">
    <skipped/>
  </testcase> <!-- laptopSearch -->
  <testcase classname="com.aiite.pageexecution.HomePageExecution" name="mobileSearch">
    <skipped/>
  </testcase> <!-- mobileSearch -->
  <testcase classname="com.aiite.pageexecution.HomePageExecution" name="televisionSearch">
    <skipped/>
  </testcase> <!-- televisionSearch -->
  <testcase classname="com.aiite.pageexecution.SummaryExecution" name="testTwo">
    <skipped/>
  </testcase> <!-- testTwo -->
  <testcase classname="com.aiite.pageexecution.LoginPageExecution" name="loginValidCredential">
    <skipped/>
  </testcase> <!-- loginValidCredential -->
  <testcase classname="com.aiite.pageexecution.OrderPageExecution" name="testThree">
    <skipped/>
  </testcase> <!-- testThree -->
  <testcase classname="com.aiite.pageexecution.OrderPageExecution" name="testOne">
    <skipped/>
  </testcase> <!-- testOne -->
  <testcase classname="com.aiite.pageexecution.OrderPageExecution" name="testTwo">
    <skipped/>
  </testcase> <!-- testTwo -->
</testsuite> <!-- com.aiite.pageexecution.LoginPageExecution -->
