<?xml version="1.0" encoding="UTF-8"?>
<!-- Generated by org.testng.reporters.JUnitReportReporter -->
<testsuite ignored="0" hostname="DESKTOP-BD9ARB1" failures="0" tests="4" name="com.aiite.pageexecution.SummaryExecution" time="23.605" errors="0" timestamp="19 Mar 2023 03:34:58 GMT" skipped="1">
  <testcase classname="com.aiite.pageexecution.SummaryExecution" name="mobileSearch3" time="7.012"/>
  <testcase classname="com.aiite.pageexecution.SummaryExecution" name="mobileSearch" time="7.012"/>
  <testcase classname="com.aiite.pageexecution.SummaryExecution" name="mobileSearch2" time="6.887">
    <skipped/>
  </testcase> <!-- mobileSearch2 -->
  <testcase classname="com.aiite.pageexecution.SummaryExecution" name="mobileSearch2" time="2.694"/>
</testsuite> <!-- com.aiite.pageexecution.SummaryExecution -->
